<?xml version="1.0" encoding="UTF-8"?>
<testng-results skipped="0" failed="0" ignored="0" total="1" passed="1">
  <reporter-output>
  </reporter-output>
  <suite name="com.selenium.testscripts.NewTest" duration-ms="13135" started-at="2018-12-13T18:52:17 IST" finished-at="2018-12-13T18:52:30 IST">
    <groups>
    </groups>
    <test name="Command line test" duration-ms="13135" started-at="2018-12-13T18:52:17 IST" finished-at="2018-12-13T18:52:30 IST">
      <class name="com.selenium.testscripts.NewTest">
        <test-method status="PASS" signature="beforeTest()[pri:0, instance:com.selenium.testscripts.NewTest@5afa04c]" name="beforeTest" is-config="true" duration-ms="12750" started-at="2018-12-13T18:52:17 IST" finished-at="2018-12-13T18:52:29 IST">
          <reporter-output>
          </reporter-output>
        </test-method> <!-- beforeTest -->
        <test-method status="PASS" signature="f()[pri:0, instance:com.selenium.testscripts.NewTest@5afa04c]" name="f" duration-ms="319" started-at="2018-12-13T18:52:29 IST" finished-at="2018-12-13T18:52:30 IST">
          <reporter-output>
          </reporter-output>
        </test-method> <!-- f -->
        <test-method status="PASS" signature="afterTest()[pri:0, instance:com.selenium.testscripts.NewTest@5afa04c]" name="afterTest" is-config="true" duration-ms="1" started-at="2018-12-13T18:52:30 IST" finished-at="2018-12-13T18:52:30 IST">
          <reporter-output>
          </reporter-output>
        </test-method> <!-- afterTest -->
      </class> <!-- com.selenium.testscripts.NewTest -->
    </test> <!-- Command line test -->
  </suite> <!-- com.selenium.testscripts.NewTest -->
</testng-results>
